<?xml version="1.0" encoding="UTF-8"?>
<!-- Generated by org.testng.reporters.JUnitReportReporter -->
<testsuite hostname="LAPTOP-4NE0CSMH" failures="0" tests="1" name="testCases.TC002_LoginTest" time="5.627" errors="0" timestamp="2024-09-08T13:15:03 IST" skipped="0">
  <testcase classname="testCases.TC002_LoginTest" name="verify_login" time="5.627"/>
</testsuite> <!-- testCases.TC002_LoginTest -->
