<?xml version="1.0" encoding="UTF-8"?>
<!-- Generated by org.testng.reporters.JUnitReportReporter -->
<testsuite hostname="LAPTOP-4NE0CSMH" failures="0" tests="6" name="testCases.TC003_LoginDDT" time="67.681" errors="0" timestamp="2024-09-08T12:04:01 IST" skipped="0">
  <testcase classname="testCases.TC003_LoginDDT" name="verify_loginDDT" time="16.473"/>
  <testcase classname="testCases.TC003_LoginDDT" name="verify_loginDDT" time="8.719"/>
  <testcase classname="testCases.TC003_LoginDDT" name="verify_loginDDT" time="9.580"/>
  <testcase classname="testCases.TC003_LoginDDT" name="verify_loginDDT" time="16.410"/>
  <testcase classname="testCases.TC003_LoginDDT" name="verify_loginDDT" time="6.872"/>
  <testcase classname="testCases.TC003_LoginDDT" name="verify_loginDDT" time="9.627"/>
</testsuite> <!-- testCases.TC003_LoginDDT -->
